[1105/134340.408:ERROR:directory_reader_win.cc(43)] FindFirstFile: The system cannot find the path specified. (0x3)
[1106/122607.953:ERROR:directory_reader_win.cc(43)] FindFirstFile: The system cannot find the path specified. (0x3)
[1106/143946.530:ERROR:directory_reader_win.cc(43)] FindFirstFile: The system cannot find the path specified. (0x3)
[1107/143946.678:ERROR:directory_reader_win.cc(43)] FindFirstFile: The system cannot find the path specified. (0x3)
[1107/145622.561:ERROR:filesystem_win.cc(129)] GetFileAttributes C:\Users\Sterling\AppData\Local\Google\Chrome\User Data\Crashpad\attachments\9a01879d-0d98-41aa-80bc-0987c68dea6e: The system cannot find the path specified. (0x3)
[1107/152843.935:ERROR:process_memory_win.cc(73)] ReadMemory at 0x13fcc0000 of 64 bytes failed: Only part of a ReadProcessMemory or WriteProcessMemory request was completed. (0x12B)
[1107/152850.175:WARNING:pe_image_reader.cc(340)] could not read dos header from C:\Program Files (x86)\Google\Chrome\Application\chrome.exe
[1107/152850.175:ERROR:process_memory_win.cc(73)] ReadMemory at 0x77c40000 of 64 bytes failed: Only part of a ReadProcessMemory or WriteProcessMemory request was completed. (0x12B)
[1107/152850.175:WARNING:pe_image_reader.cc(340)] could not read dos header from C:\Windows\SYSTEM32\ntdll.dll
[1107/152850.175:ERROR:process_memory_win.cc(73)] ReadMemory at 0x77b20000 of 64 bytes failed: Only part of a ReadProcessMemory or WriteProcessMemory request was completed. (0x12B)
[1107/152850.175:WARNING:pe_image_reader.cc(340)] could not read dos header from C:\Windows\system32\kernel32.dll
[1107/152850.175:ERROR:process_memory_win.cc(73)] ReadMemory at 0x7fefda10000 of 64 bytes failed: Only part of a ReadProcessMemory or WriteProcessMemory request was completed. (0x12B)
[1107/152850.175:WARNING:pe_image_reader.cc(340)] could not read dos header from C:\Windows\system32\KERNELBASE.dll
[1107/152850.175:ERROR:process_memory_win.cc(73)] ReadMemory at 0x7fec5f50000 of 64 bytes failed: Only part of a ReadProcessMemory or WriteProcessMemory request was completed. (0x12B)
[1107/152850.175:WARNING:pe_image_reader.cc(340)] could not read dos header from C:\Program Files (x86)\Google\Chrome\Application\86.0.4240.183\chrome_elf.dll
[1107/152850.176:ERROR:process_memory_win.cc(73)] ReadMemory at 0x7fefc870000 of 64 bytes failed: Only part of a ReadProcessMemory or WriteProcessMemory request was completed. (0x12B)
[1107/152850.176:WARNING:pe_image_reader.cc(340)] could not read dos header from C:\Windows\system32\VERSION.dll
[1107/152850.176:ERROR:process_memory_win.cc(73)] ReadMemory at 0x7feff9e0000 of 64 bytes failed: Only part of a ReadProcessMemory or WriteProcessMemory request was completed. (0x12B)
[1107/152850.176:WARNING:pe_image_reader.cc(340)] could not read dos header from C:\Windows\system32\msvcrt.dll
[1107/152850.176:ERROR:process_memory_win.cc(73)] ReadMemory at 0x7fef6dd0000 of 64 bytes failed: Only part of a ReadProcessMemory or WriteProcessMemory request was completed. (0x12B)
[1107/152850.176:WARNING:pe_image_reader.cc(340)] could not read dos header from C:\Windows\system32\api-ms-win-core-synch-l1-2-0.DLL
[1107/152850.176:ERROR:process_memory_win.cc(73)] ReadMemory at 0x7fefeb30000 of 64 bytes failed: Only part of a ReadProcessMemory or WriteProcessMemory request was completed. (0x12B)
[1107/152850.176:WARNING:pe_image_reader.cc(340)] could not read dos header from C:\Windows\system32\GDI32.dll
[1107/152850.176:ERROR:process_memory_win.cc(73)] ReadMemory at 0x77a20000 of 64 bytes failed: Only part of a ReadProcessMemory or WriteProcessMemory request was completed. (0x12B)
[1107/152850.176:WARNING:pe_image_reader.cc(340)] could not read dos header from C:\Windows\system32\USER32.dll
[1107/152850.176:ERROR:process_memory_win.cc(73)] ReadMemory at 0x7feff920000 of 64 bytes failed: Only part of a ReadProcessMemory or WriteProcessMemory request was completed. (0x12B)
[1107/152850.176:WARNING:pe_image_reader.cc(340)] could not read dos header from C:\Windows\system32\LPK.dll
[1107/152850.176:ERROR:process_memory_win.cc(73)] ReadMemory at 0x7feff720000 of 64 bytes failed: Only part of a ReadProcessMemory or WriteProcessMemory request was completed. (0x12B)
[1107/152850.176:WARNING:pe_image_reader.cc(340)] could not read dos header from C:\Windows\system32\USP10.dll
[1107/152850.176:ERROR:process_memory_win.cc(73)] ReadMemory at 0x7feff360000 of 64 bytes failed: Only part of a ReadProcessMemory or WriteProcessMemory request was completed. (0x12B)
[1107/152850.176:WARNING:pe_image_reader.cc(340)] could not read dos header from C:\Windows\system32\IMM32.DLL
[1107/152850.176:ERROR:process_memory_win.cc(73)] ReadMemory at 0x7feff230000 of 64 bytes failed: Only part of a ReadProcessMemory or WriteProcessMemory request was completed. (0x12B)
[1107/152850.176:WARNING:pe_image_reader.cc(340)] could not read dos header from C:\Windows\system32\MSCTF.dll
[1107/152850.176:ERROR:process_memory_win.cc(73)] ReadMemory at 0x7fefdba0000 of 64 bytes failed: Only part of a ReadProcessMemory or WriteProcessMemory request was completed. (0x12B)
[1107/152850.176:WARNING:pe_image_reader.cc(340)] could not read dos header from C:\Windows\system32\ADVAPI32.dll
[1107/152850.177:ERROR:process_memory_win.cc(73)] ReadMemory at 0x7fefff10000 of 64 bytes failed: Only part of a ReadProcessMemory or WriteProcessMemory request was completed. (0x12B)
[1107/152850.177:WARNING:pe_image_reader.cc(340)] could not read dos header from C:\Windows\SYSTEM32\sechost.dll
[1107/152850.177:ERROR:process_memory_win.cc(73)] ReadMemory at 0x7feff7f0000 of 64 bytes failed: Only part of a ReadProcessMemory or WriteProcessMemory request was completed. (0x12B)
[1107/152850.177:WARNING:pe_image_reader.cc(340)] could not read dos header from C:\Windows\system32\RPCRT4.dll
[1107/152850.177:ERROR:process_memory_win.cc(73)] ReadMemory at 0x7febcd20000 of 64 bytes failed: Only part of a ReadProcessMemory or WriteProcessMemory request was completed. (0x12B)
[1107/152850.177:WARNING:pe_image_reader.cc(340)] could not read dos header from C:\Program Files (x86)\Google\Chrome\Application\86.0.4240.183\chrome.dll
[1107/152850.177:ERROR:process_memory_win.cc(73)] ReadMemory at 0x7fef6ca0000 of 64 bytes failed: Only part of a ReadProcessMemory or WriteProcessMemory request was completed. (0x12B)
[1107/152850.177:WARNING:pe_image_reader.cc(340)] could not read dos header from C:\Windows\system32\dbghelp.dll
[1107/152850.177:ERROR:process_memory_win.cc(73)] ReadMemory at 0x7fefdb50000 of 64 bytes failed: Only part of a ReadProcessMemory or WriteProcessMemory request was completed. (0x12B)
[1107/152850.177:WARNING:pe_image_reader.cc(340)] could not read dos header from C:\Windows\system32\WS2_32.dll
[1107/152850.177:ERROR:process_memory_win.cc(73)] ReadMemory at 0x7feff9d0000 of 64 bytes failed: Only part of a ReadProcessMemory or WriteProcessMemory request was completed. (0x12B)
[1107/152850.177:WARNING:pe_image_reader.cc(340)] could not read dos header from C:\Windows\system32\NSI.dll
[1107/152850.177:ERROR:process_memory_win.cc(73)] ReadMemory at 0x7fefaba0000 of 64 bytes failed: Only part of a ReadProcessMemory or WriteProcessMemory request was completed. (0x12B)
[1107/152850.177:WARNING:pe_image_reader.cc(340)] could not read dos header from C:\Windows\system32\IPHLPAPI.DLL
[1107/152850.177:ERROR:process_memory_win.cc(73)] ReadMemory at 0x7fefab90000 of 64 bytes failed: Only part of a ReadProcessMemory or WriteProcessMemory request was completed. (0x12B)
[1107/152850.177:WARNING:pe_image_reader.cc(340)] could not read dos header from C:\Windows\system32\WINNSI.DLL
[1107/152850.177:ERROR:process_memory_win.cc(73)] ReadMemory at 0x7feffdd0000 of 64 bytes failed: Only part of a ReadProcessMemory or WriteProcessMemory request was completed. (0x12B)
[1107/152850.177:WARNING:pe_image_reader.cc(340)] could not read dos header from C:\Windows\system32\OLEAUT32.dll
[1107/152850.177:ERROR:process_memory_win.cc(73)] ReadMemory at 0x7feff520000 of 64 bytes failed: Only part of a ReadProcessMemory or WriteProcessMemory request was completed. (0x12B)
[1107/152850.177:WARNING:pe_image_reader.cc(340)] could not read dos header from C:\Windows\system32\ole32.dll
[1107/152850.177:ERROR:process_memory_win.cc(73)] ReadMemory at 0x7fefc200000 of 64 bytes failed: Only part of a ReadProcessMemory or WriteProcessMemory request was completed. (0x12B)
[1107/152850.178:WARNING:pe_image_reader.cc(340)] could not read dos header from C:\Windows\system32\WINMM.dll
[1107/152850.178:ERROR:process_memory_win.cc(73)] ReadMemory at 0x7feea7b0000 of 64 bytes failed: Only part of a ReadProcessMemory or WriteProcessMemory request was completed. (0x12B)
[1107/152850.178:WARNING:pe_image_reader.cc(340)] could not read dos header from C:\Windows\system32\UIAutomationCore.DLL
[1107/152850.178:ERROR:process_memory_win.cc(73)] ReadMemory at 0x77df0000 of 64 bytes failed: Only part of a ReadProcessMemory or WriteProcessMemory request was completed. (0x12B)
[1107/152850.178:WARNING:pe_image_reader.cc(340)] could not read dos header from C:\Windows\system32\PSAPI.DLL
[1107/152850.178:ERROR:process_memory_win.cc(73)] ReadMemory at 0x7fef9340000 of 64 bytes failed: Only part of a ReadProcessMemory or WriteProcessMemory request was completed. (0x12B)
[1107/152850.178:WARNING:pe_image_reader.cc(340)] could not read dos header from C:\Windows\system32\OLEACC.dll
[1107/152850.178:ERROR:process_memory_win.cc(73)] ReadMemory at 0x7fefd3d0000 of 64 bytes failed: Only part of a ReadProcessMemory or WriteProcessMemory request was completed. (0x12B)
[1107/152850.178:WARNING:pe_image_reader.cc(340)] could not read dos header from C:\Windows\system32\Secur32.dll
[1107/152850.178:ERROR:process_memory_win.cc(73)] ReadMemory at 0x7fefd5a0000 of 64 bytes failed: Only part of a ReadProcessMemory or WriteProcessMemory request was completed. (0x12B)
[1107/152850.178:WARNING:pe_image_reader.cc(340)] could not read dos header from C:\Windows\system32\SSPICLI.DLL
[1107/152850.178:ERROR:process_memory_win.cc(73)] ReadMemory at 0x7fefd9a0000 of 64 bytes failed: Only part of a ReadProcessMemory or WriteProcessMemory request was completed. (0x12B)
[1107/152850.178:WARNING:pe_image_reader.cc(340)] could not read dos header from C:\Windows\system32\USERENV.dll
[1107/152850.178:ERROR:process_memory_win.cc(73)] ReadMemory at 0x7fefd7a0000 of 64 bytes failed: Only part of a ReadProcessMemory or WriteProcessMemory request was completed. (0x12B)
[1107/152850.178:WARNING:pe_image_reader.cc(340)] could not read dos header from C:\Windows\system32\profapi.dll
[1107/152850.178:ERROR:process_memory_win.cc(73)] ReadMemory at 0x7fefd7c0000 of 64 bytes failed: Only part of a ReadProcessMemory or WriteProcessMemory request was completed. (0x12B)
[1107/152850.178:WARNING:pe_image_reader.cc(340)] could not read dos header from C:\Windows\system32\WINTRUST.dll
[1107/152850.178:ERROR:process_memory_win.cc(73)] ReadMemory at 0x7fefd810000 of 64 bytes failed: Only part of a ReadProcessMemory or WriteProcessMemory request was completed. (0x12B)
[1107/152850.178:WARNING:pe_image_reader.cc(340)] could not read dos header from C:\Windows\system32\CRYPT32.dll
[1107/152850.178:ERROR:process_memory_win.cc(73)] ReadMemory at 0x7fefd790000 of 64 bytes failed: Only part of a ReadProcessMemory or WriteProcessMemory request was completed. (0x12B)
[1107/152850.178:WARNING:pe_image_reader.cc(340)] could not read dos header from C:\Windows\system32\MSASN1.dll
[1107/152850.179:ERROR:process_memory_win.cc(73)] ReadMemory at 0x7feea610000 of 64 bytes failed: Only part of a ReadProcessMemory or WriteProcessMemory request was completed. (0x12B)
[1107/152850.179:WARNING:pe_image_reader.cc(340)] could not read dos header from C:\Windows\system32\DWrite.dll
[1107/152850.179:ERROR:process_memory_win.cc(73)] ReadMemory at 0x7fef93a0000 of 64 bytes failed: Only part of a ReadProcessMemory or WriteProcessMemory request was completed. (0x12B)
[1107/152850.179:WARNING:pe_image_reader.cc(340)] could not read dos header from C:\Windows\system32\WINSPOOL.DRV
[1107/152850.179:ERROR:process_memory_win.cc(73)] ReadMemory at 0x7fef8d10000 of 64 bytes failed: Only part of a ReadProcessMemory or WriteProcessMemory request was completed. (0x12B)
[1107/152850.179:WARNING:pe_image_reader.cc(340)] could not read dos header from C:\Windows\system32\WINHTTP.dll
[1107/152850.179:ERROR:process_memory_win.cc(73)] ReadMemory at 0x7fef8c50000 of 64 bytes failed: Only part of a ReadProcessMemory or WriteProcessMemory request was completed. (0x12B)
[1107/152850.179:WARNING:pe_image_reader.cc(340)] could not read dos header from C:\Windows\system32\webio.dll
[1107/152850.179:ERROR:process_memory_win.cc(73)] ReadMemory at 0x7fefa990000 of 64 bytes failed: Only part of a ReadProcessMemory or WriteProcessMemory request was completed. (0x12B)
[1107/152850.179:WARNING:pe_image_reader.cc(340)] could not read dos header from C:\Windows\system32\dhcpcsvc.DLL
[1107/152850.179:ERROR:process_memory_win.cc(73)] ReadMemory at 0x7fefd630000 of 64 bytes failed: Only part of a ReadProcessMemory or WriteProcessMemory request was completed. (0x12B)
[1107/152850.179:WARNING:pe_image_reader.cc(340)] could not read dos header from C:\Windows\system32\cryptbase.dll
[1107/152850.179:ERROR:process_memory_win.cc(73)] ReadMemory at 0x7fefb8c0000 of 64 bytes failed: Only part of a ReadProcessMemory or WriteProcessMemory request was completed. (0x12B)
[1107/152850.179:WARNING:pe_image_reader.cc(340)] could not read dos header from C:\Windows\system32\uxtheme.dll
[1107/152850.414:ERROR:process_memory_win.cc(73)] ReadMemory at 0x13fcc0000 of 64 bytes failed: Only part of a ReadProcessMemory or WriteProcessMemory request was completed. (0x12B)
[1107/152850.414:WARNING:pe_image_reader.cc(340)] could not read dos header from C:\Program Files (x86)\Google\Chrome\Application\chrome.exe
[1107/152850.414:ERROR:process_memory_win.cc(73)] ReadMemory at 0x77c40000 of 64 bytes failed: Only part of a ReadProcessMemory or WriteProcessMemory request was completed. (0x12B)
[1107/152850.414:WARNING:pe_image_reader.cc(340)] could not read dos header from C:\Windows\SYSTEM32\ntdll.dll
[1107/152850.414:ERROR:process_memory_win.cc(73)] ReadMemory at 0x77b20000 of 64 bytes failed: Only part of a ReadProcessMemory or WriteProcessMemory request was completed. (0x12B)
[1107/152850.414:WARNING:pe_image_reader.cc(340)] could not read dos header from C:\Windows\system32\kernel32.dll
[1107/152850.414:ERROR:process_memory_win.cc(73)] ReadMemory at 0x7fefda10000 of 64 bytes failed: Only part of a ReadProcessMemory or WriteProcessMemory request was completed. (0x12B)
[1107/152850.414:WARNING:pe_image_reader.cc(340)] could not read dos header from C:\Windows\system32\KERNELBASE.dll
[1107/152850.415:ERROR:process_memory_win.cc(73)] ReadMemory at 0x7fec5f50000 of 64 bytes failed: Only part of a ReadProcessMemory or WriteProcessMemory request was completed. (0x12B)
[1107/152850.415:WARNING:pe_image_reader.cc(340)] could not read dos header from C:\Program Files (x86)\Google\Chrome\Application\86.0.4240.183\chrome_elf.dll
[1107/152850.415:ERROR:process_memory_win.cc(73)] ReadMemory at 0x7fefc870000 of 64 bytes failed: Only part of a ReadProcessMemory or WriteProcessMemory request was completed. (0x12B)
[1107/152850.415:WARNING:pe_image_reader.cc(340)] could not read dos header from C:\Windows\system32\VERSION.dll
[1107/152850.415:ERROR:process_memory_win.cc(73)] ReadMemory at 0x7feff9e0000 of 64 bytes failed: Only part of a ReadProcessMemory or WriteProcessMemory request was completed. (0x12B)
[1107/152850.415:WARNING:pe_image_reader.cc(340)] could not read dos header from C:\Windows\system32\msvcrt.dll
[1107/152850.415:ERROR:process_memory_win.cc(73)] ReadMemory at 0x7fef6dd0000 of 64 bytes failed: Only part of a ReadProcessMemory or WriteProcessMemory request was completed. (0x12B)
[1107/152850.415:WARNING:pe_image_reader.cc(340)] could not read dos header from C:\Windows\system32\api-ms-win-core-synch-l1-2-0.DLL
[1107/152850.415:ERROR:process_memory_win.cc(73)] ReadMemory at 0x7fefeb30000 of 64 bytes failed: Only part of a ReadProcessMemory or WriteProcessMemory request was completed. (0x12B)
[1107/152850.415:WARNING:pe_image_reader.cc(340)] could not read dos header from C:\Windows\system32\GDI32.dll
[1107/152850.415:ERROR:process_memory_win.cc(73)] ReadMemory at 0x77a20000 of 64 bytes failed: Only part of a ReadProcessMemory or WriteProcessMemory request was completed. (0x12B)
[1107/152850.693:WARNING:pe_image_reader.cc(340)] could not read dos header from C:\Windows\system32\USER32.dll
[1107/152850.693:ERROR:process_memory_win.cc(73)] ReadMemory at 0x7feff920000 of 64 bytes failed: Only part of a ReadProcessMemory or WriteProcessMemory request was completed. (0x12B)
[1107/152850.693:WARNING:pe_image_reader.cc(340)] could not read dos header from C:\Windows\system32\LPK.dll
[1107/152850.693:ERROR:process_memory_win.cc(73)] ReadMemory at 0x7feff720000 of 64 bytes failed: Only part of a ReadProcessMemory or WriteProcessMemory request was completed. (0x12B)
[1107/152850.693:WARNING:pe_image_reader.cc(340)] could not read dos header from C:\Windows\system32\USP10.dll
[1107/152850.693:ERROR:process_memory_win.cc(73)] ReadMemory at 0x7feff360000 of 64 bytes failed: Only part of a ReadProcessMemory or WriteProcessMemory request was completed. (0x12B)
[1107/152850.693:WARNING:pe_image_reader.cc(340)] could not read dos header from C:\Windows\system32\IMM32.DLL
[1107/152850.693:ERROR:process_memory_win.cc(73)] ReadMemory at 0x7feff230000 of 64 bytes failed: Only part of a ReadProcessMemory or WriteProcessMemory request was completed. (0x12B)
[1107/152850.693:WARNING:pe_image_reader.cc(340)] could not read dos header from C:\Windows\system32\MSCTF.dll
[1107/152850.693:ERROR:process_memory_win.cc(73)] ReadMemory at 0x7fefdba0000 of 64 bytes failed: Only part of a ReadProcessMemory or WriteProcessMemory request was completed. (0x12B)
[1107/152850.693:WARNING:pe_image_reader.cc(340)] could not read dos header from C:\Windows\system32\ADVAPI32.dll
[1107/152850.693:ERROR:process_memory_win.cc(73)] ReadMemory at 0x7fefff10000 of 64 bytes failed: Only part of a ReadProcessMemory or WriteProcessMemory request was completed. (0x12B)
[1107/152850.693:WARNING:pe_image_reader.cc(340)] could not read dos header from C:\Windows\SYSTEM32\sechost.dll
[1107/152850.693:ERROR:process_memory_win.cc(73)] ReadMemory at 0x7feff7f0000 of 64 bytes failed: Only part of a ReadProcessMemory or WriteProcessMemory request was completed. (0x12B)
[1107/152850.693:WARNING:pe_image_reader.cc(340)] could not read dos header from C:\Windows\system32\RPCRT4.dll
[1107/152850.693:ERROR:process_memory_win.cc(73)] ReadMemory at 0x7febcd20000 of 64 bytes failed: Only part of a ReadProcessMemory or WriteProcessMemory request was completed. (0x12B)
[1107/152850.693:WARNING:pe_image_reader.cc(340)] could not read dos header from C:\Program Files (x86)\Google\Chrome\Application\86.0.4240.183\chrome.dll
[1107/152850.693:ERROR:process_memory_win.cc(73)] ReadMemory at 0x7fef6ca0000 of 64 bytes failed: Only part of a ReadProcessMemory or WriteProcessMemory request was completed. (0x12B)
[1107/152850.693:WARNING:pe_image_reader.cc(340)] could not read dos header from C:\Windows\system32\dbghelp.dll
[1107/152850.693:ERROR:process_memory_win.cc(73)] ReadMemory at 0x7fefdb50000 of 64 bytes failed: Only part of a ReadProcessMemory or WriteProcessMemory request was completed. (0x12B)
[1107/152850.693:WARNING:pe_image_reader.cc(340)] could not read dos header from C:\Windows\system32\WS2_32.dll
[1107/152850.693:ERROR:process_memory_win.cc(73)] ReadMemory at 0x7feff9d0000 of 64 bytes failed: Only part of a ReadProcessMemory or WriteProcessMemory request was completed. (0x12B)
[1107/152850.693:WARNING:pe_image_reader.cc(340)] could not read dos header from C:\Windows\system32\NSI.dll
[1107/152850.693:ERROR:process_memory_win.cc(73)] ReadMemory at 0x7fefaba0000 of 64 bytes failed: Only part of a ReadProcessMemory or WriteProcessMemory request was completed. (0x12B)
[1107/152850.693:WARNING:pe_image_reader.cc(340)] could not read dos header from C:\Windows\system32\IPHLPAPI.DLL
[1107/152850.693:ERROR:process_memory_win.cc(73)] ReadMemory at 0x7fefab90000 of 64 bytes failed: Only part of a ReadProcessMemory or WriteProcessMemory request was completed. (0x12B)
[1107/152850.693:WARNING:pe_image_reader.cc(340)] could not read dos header from C:\Windows\system32\WINNSI.DLL
[1107/152850.693:ERROR:process_memory_win.cc(73)] ReadMemory at 0x7feffdd0000 of 64 bytes failed: Only part of a ReadProcessMemory or WriteProcessMemory request was completed. (0x12B)
[1107/152850.693:WARNING:pe_image_reader.cc(340)] could not read dos header from C:\Windows\system32\OLEAUT32.dll
[1107/152850.694:ERROR:process_memory_win.cc(73)] ReadMemory at 0x7feff520000 of 64 bytes failed: Only part of a ReadProcessMemory or WriteProcessMemory request was completed. (0x12B)
[1107/152850.694:WARNING:pe_image_reader.cc(340)] could not read dos header from C:\Windows\system32\ole32.dll
[1107/152850.694:ERROR:process_memory_win.cc(73)] ReadMemory at 0x7fefc200000 of 64 bytes failed: Only part of a ReadProcessMemory or WriteProcessMemory request was completed. (0x12B)
[1107/152850.694:WARNING:pe_image_reader.cc(340)] could not read dos header from C:\Windows\system32\WINMM.dll
[1107/152850.694:ERROR:process_memory_win.cc(73)] ReadMemory at 0x7feea7b0000 of 64 bytes failed: Only part of a ReadProcessMemory or WriteProcessMemory request was completed. (0x12B)
[1107/152850.694:WARNING:pe_image_reader.cc(340)] could not read dos header from C:\Windows\system32\UIAutomationCore.DLL
[1107/152850.694:ERROR:process_memory_win.cc(73)] ReadMemory at 0x77df0000 of 64 bytes failed: Only part of a ReadProcessMemory or WriteProcessMemory request was completed. (0x12B)
[1107/152850.694:WARNING:pe_image_reader.cc(340)] could not read dos header from C:\Windows\system32\PSAPI.DLL
[1107/152850.694:ERROR:process_memory_win.cc(73)] ReadMemory at 0x7fef9340000 of 64 bytes failed: Only part of a ReadProcessMemory or WriteProcessMemory request was completed. (0x12B)
[1107/152850.694:WARNING:pe_image_reader.cc(340)] could not read dos header from C:\Windows\system32\OLEACC.dll
[1107/152850.694:ERROR:process_memory_win.cc(73)] ReadMemory at 0x7fefd3d0000 of 64 bytes failed: Only part of a ReadProcessMemory or WriteProcessMemory request was completed. (0x12B)
[1107/152850.694:WARNING:pe_image_reader.cc(340)] could not read dos header from C:\Windows\system32\Secur32.dll
[1107/152850.694:ERROR:process_memory_win.cc(73)] ReadMemory at 0x7fefd5a0000 of 64 bytes failed: Only part of a ReadProcessMemory or WriteProcessMemory request was completed. (0x12B)
[1107/152850.694:WARNING:pe_image_reader.cc(340)] could not read dos header from C:\Windows\system32\SSPICLI.DLL
[1107/152850.694:ERROR:process_memory_win.cc(73)] ReadMemory at 0x7fefd9a0000 of 64 bytes failed: Only part of a ReadProcessMemory or WriteProcessMemory request was completed. (0x12B)
[1107/152850.694:WARNING:pe_image_reader.cc(340)] could not read dos header from C:\Windows\system32\USERENV.dll
[1107/152850.694:ERROR:process_memory_win.cc(73)] ReadMemory at 0x7fefd7a0000 of 64 bytes failed: Only part of a ReadProcessMemory or WriteProcessMemory request was completed. (0x12B)
[1107/152850.694:WARNING:pe_image_reader.cc(340)] could not read dos header from C:\Windows\system32\profapi.dll
[1107/152850.694:ERROR:process_memory_win.cc(73)] ReadMemory at 0x7fefd7c0000 of 64 bytes failed: Only part of a ReadProcessMemory or WriteProcessMemory request was completed. (0x12B)
[1107/152850.694:WARNING:pe_image_reader.cc(340)] could not read dos header from C:\Windows\system32\WINTRUST.dll
[1107/152850.694:ERROR:process_memory_win.cc(73)] ReadMemory at 0x7fefd810000 of 64 bytes failed: Only part of a ReadProcessMemory or WriteProcessMemory request was completed. (0x12B)
[1107/152850.694:WARNING:pe_image_reader.cc(340)] could not read dos header from C:\Windows\system32\CRYPT32.dll
[1107/152850.694:ERROR:process_memory_win.cc(73)] ReadMemory at 0x7fefd790000 of 64 bytes failed: Only part of a ReadProcessMemory or WriteProcessMemory request was completed. (0x12B)
[1107/152850.694:WARNING:pe_image_reader.cc(340)] could not read dos header from C:\Windows\system32\MSASN1.dll
[1107/152850.694:ERROR:process_memory_win.cc(73)] ReadMemory at 0x7feea610000 of 64 bytes failed: Only part of a ReadProcessMemory or WriteProcessMemory request was completed. (0x12B)
[1107/152850.694:WARNING:pe_image_reader.cc(340)] could not read dos header from C:\Windows\system32\DWrite.dll
[1107/152850.694:ERROR:process_memory_win.cc(73)] ReadMemory at 0x7fef93a0000 of 64 bytes failed: Only part of a ReadProcessMemory or WriteProcessMemory request was completed. (0x12B)
[1107/152850.694:WARNING:pe_image_reader.cc(340)] could not read dos header from C:\Windows\system32\WINSPOOL.DRV
[1107/152850.694:ERROR:process_memory_win.cc(73)] ReadMemory at 0x7fef8d10000 of 64 bytes failed: Only part of a ReadProcessMemory or WriteProcessMemory request was completed. (0x12B)
[1107/152850.694:WARNING:pe_image_reader.cc(340)] could not read dos header from C:\Windows\system32\WINHTTP.dll
[1107/152850.694:ERROR:process_memory_win.cc(73)] ReadMemory at 0x7fef8c50000 of 64 bytes failed: Only part of a ReadProcessMemory or WriteProcessMemory request was completed. (0x12B)
[1107/152850.694:WARNING:pe_image_reader.cc(340)] could not read dos header from C:\Windows\system32\webio.dll
[1107/152850.694:ERROR:process_memory_win.cc(73)] ReadMemory at 0x7fefa990000 of 64 bytes failed: Only part of a ReadProcessMemory or WriteProcessMemory request was completed. (0x12B)
[1107/152850.694:WARNING:pe_image_reader.cc(340)] could not read dos header from C:\Windows\system32\dhcpcsvc.DLL
[1107/152850.694:ERROR:process_memory_win.cc(73)] ReadMemory at 0x7fefd630000 of 64 bytes failed: Only part of a ReadProcessMemory or WriteProcessMemory request was completed. (0x12B)
[1107/152850.694:WARNING:pe_image_reader.cc(340)] could not read dos header from C:\Windows\system32\cryptbase.dll
[1107/152850.694:ERROR:process_memory_win.cc(73)] ReadMemory at 0x7fefb8c0000 of 64 bytes failed: Only part of a ReadProcessMemory or WriteProcessMemory request was completed. (0x12B)
[1107/152850.694:WARNING:pe_image_reader.cc(340)] could not read dos header from C:\Windows\system32\uxtheme.dll
[1107/152850.694:ERROR:process_memory_win.cc(73)] ReadMemory at 0x13fcc0000 of 64 bytes failed: Only part of a ReadProcessMemory or WriteProcessMemory request was completed. (0x12B)
[1107/152850.694:WARNING:pe_image_reader.cc(340)] could not read dos header from C:\Program Files (x86)\Google\Chrome\Application\chrome.exe
[1107/152850.694:ERROR:process_memory_win.cc(73)] ReadMemory at 0x77c40000 of 64 bytes failed: Only part of a ReadProcessMemory or WriteProcessMemory request was completed. (0x12B)
[1107/152850.694:WARNING:pe_image_reader.cc(340)] could not read dos header from C:\Windows\SYSTEM32\ntdll.dll
[1107/152850.694:ERROR:process_memory_win.cc(73)] ReadMemory at 0x77b20000 of 64 bytes failed: Only part of a ReadProcessMemory or WriteProcessMemory request was completed. (0x12B)
[1107/152850.694:WARNING:pe_image_reader.cc(340)] could not read dos header from C:\Windows\system32\kernel32.dll
[1107/152850.694:ERROR:process_memory_win.cc(73)] ReadMemory at 0x7fefda10000 of 64 bytes failed: Only part of a ReadProcessMemory or WriteProcessMemory request was completed. (0x12B)
[1107/152850.694:WARNING:pe_image_reader.cc(340)] could not read dos header from C:\Windows\system32\KERNELBASE.dll
[1107/152850.694:ERROR:process_memory_win.cc(73)] ReadMemory at 0x7fec5f50000 of 64 bytes failed: Only part of a ReadProcessMemory or WriteProcessMemory request was completed. (0x12B)
[1107/152850.694:WARNING:pe_image_reader.cc(340)] could not read dos header from C:\Program Files (x86)\Google\Chrome\Application\86.0.4240.183\chrome_elf.dll
[1107/152850.694:ERROR:process_memory_win.cc(73)] ReadMemory at 0x7fefc870000 of 64 bytes failed: Only part of a ReadProcessMemory or WriteProcessMemory request was completed. (0x12B)
[1107/152850.694:WARNING:pe_image_reader.cc(340)] could not read dos header from C:\Windows\system32\VERSION.dll
[1107/152850.694:ERROR:process_memory_win.cc(73)] ReadMemory at 0x7feff9e0000 of 64 bytes failed: Only part of a ReadProcessMemory or WriteProcessMemory request was completed. (0x12B)
[1107/152850.694:WARNING:pe_image_reader.cc(340)] could not read dos header from C:\Windows\system32\msvcrt.dll
[1107/152850.694:ERROR:process_memory_win.cc(73)] ReadMemory at 0x7fef6dd0000 of 64 bytes failed: Only part of a ReadProcessMemory or WriteProcessMemory request was completed. (0x12B)
[1107/152850.694:WARNING:pe_image_reader.cc(340)] could not read dos header from C:\Windows\system32\api-ms-win-core-synch-l1-2-0.DLL
[1107/152850.694:ERROR:process_memory_win.cc(73)] ReadMemory at 0x7fefeb30000 of 64 bytes failed: Only part of a ReadProcessMemory or WriteProcessMemory request was completed. (0x12B)
[1107/152850.694:WARNING:pe_image_reader.cc(340)] could not read dos header from C:\Windows\system32\GDI32.dll
[1107/152850.694:ERROR:process_memory_win.cc(73)] ReadMemory at 0x77a20000 of 64 bytes failed: Only part of a ReadProcessMemory or WriteProcessMemory request was completed. (0x12B)
[1107/152850.694:WARNING:pe_image_reader.cc(340)] could not read dos header from C:\Windows\system32\USER32.dll
[1107/152850.694:ERROR:process_memory_win.cc(73)] ReadMemory at 0x7feff920000 of 64 bytes failed: Only part of a ReadProcessMemory or WriteProcessMemory request was completed. (0x12B)
[1107/152850.694:WARNING:pe_image_reader.cc(340)] could not read dos header from C:\Windows\system32\LPK.dll
[1107/152850.694:ERROR:process_memory_win.cc(73)] ReadMemory at 0x7feff720000 of 64 bytes failed: Only part of a ReadProcessMemory or WriteProcessMemory request was completed. (0x12B)
[1107/152850.694:WARNING:pe_image_reader.cc(340)] could not read dos header from C:\Windows\system32\USP10.dll
[1107/152850.694:ERROR:process_memory_win.cc(73)] ReadMemory at 0x7feff360000 of 64 bytes failed: Only part of a ReadProcessMemory or WriteProcessMemory request was completed. (0x12B)
[1107/152850.694:WARNING:pe_image_reader.cc(340)] could not read dos header from C:\Windows\system32\IMM32.DLL
[1107/152850.694:ERROR:process_memory_win.cc(73)] ReadMemory at 0x7feff230000 of 64 bytes failed: Only part of a ReadProcessMemory or WriteProcessMemory request was completed. (0x12B)
[1107/152850.694:WARNING:pe_image_reader.cc(340)] could not read dos header from C:\Windows\system32\MSCTF.dll
[1107/152850.694:ERROR:process_memory_win.cc(73)] ReadMemory at 0x7fefdba0000 of 64 bytes failed: Only part of a ReadProcessMemory or WriteProcessMemory request was completed. (0x12B)
[1107/152850.694:WARNING:pe_image_reader.cc(340)] could not read dos header from C:\Windows\system32\ADVAPI32.dll
[1107/152850.694:ERROR:process_memory_win.cc(73)] ReadMemory at 0x7fefff10000 of 64 bytes failed: Only part of a ReadProcessMemory or WriteProcessMemory request was completed. (0x12B)
[1107/152850.694:WARNING:pe_image_reader.cc(340)] could not read dos header from C:\Windows\SYSTEM32\sechost.dll
[1107/152850.694:ERROR:process_memory_win.cc(73)] ReadMemory at 0x7feff7f0000 of 64 bytes failed: Only part of a ReadProcessMemory or WriteProcessMemory request was completed. (0x12B)
[1107/152850.694:WARNING:pe_image_reader.cc(340)] could not read dos header from C:\Windows\system32\RPCRT4.dll
[1107/152850.695:ERROR:process_memory_win.cc(73)] ReadMemory at 0x7febcd20000 of 64 bytes failed: Only part of a ReadProcessMemory or WriteProcessMemory request was completed. (0x12B)
[1107/152850.695:WARNING:pe_image_reader.cc(340)] could not read dos header from C:\Program Files (x86)\Google\Chrome\Application\86.0.4240.183\chrome.dll
[1107/152850.695:ERROR:process_memory_win.cc(73)] ReadMemory at 0x7fef6ca0000 of 64 bytes failed: Only part of a ReadProcessMemory or WriteProcessMemory request was completed. (0x12B)
[1107/152850.695:WARNING:pe_image_reader.cc(340)] could not read dos header from C:\Windows\system32\dbghelp.dll
[1107/152850.695:ERROR:process_memory_win.cc(73)] ReadMemory at 0x7fefdb50000 of 64 bytes failed: Only part of a ReadProcessMemory or WriteProcessMemory request was completed. (0x12B)
[1107/152850.695:WARNING:pe_image_reader.cc(340)] could not read dos header from C:\Windows\system32\WS2_32.dll
[1107/152850.695:ERROR:process_memory_win.cc(73)] ReadMemory at 0x7feff9d0000 of 64 bytes failed: Only part of a ReadProcessMemory or WriteProcessMemory request was completed. (0x12B)
[1107/152850.695:WARNING:pe_image_reader.cc(340)] could not read dos header from C:\Windows\system32\NSI.dll
[1107/152850.935:ERROR:process_memory_win.cc(73)] ReadMemory at 0x7fefaba0000 of 64 bytes failed: Only part of a ReadProcessMemory or WriteProcessMemory request was completed. (0x12B)
[1107/152850.935:WARNING:pe_image_reader.cc(340)] could not read dos header from C:\Windows\system32\IPHLPAPI.DLL
[1107/152850.935:ERROR:process_memory_win.cc(73)] ReadMemory at 0x7fefab90000 of 64 bytes failed: Only part of a ReadProcessMemory or WriteProcessMemory request was completed. (0x12B)
[1107/152850.935:WARNING:pe_image_reader.cc(340)] could not read dos header from C:\Windows\system32\WINNSI.DLL
[1107/152850.935:ERROR:process_memory_win.cc(73)] ReadMemory at 0x7feffdd0000 of 64 bytes failed: Only part of a ReadProcessMemory or WriteProcessMemory request was completed. (0x12B)
[1107/152850.935:WARNING:pe_image_reader.cc(340)] could not read dos header from C:\Windows\system32\OLEAUT32.dll
[1107/152850.935:ERROR:process_memory_win.cc(73)] ReadMemory at 0x7feff520000 of 64 bytes failed: Only part of a ReadProcessMemory or WriteProcessMemory request was completed. (0x12B)
[1107/152850.935:WARNING:pe_image_reader.cc(340)] could not read dos header from C:\Windows\system32\ole32.dll
[1107/152850.935:ERROR:process_memory_win.cc(73)] ReadMemory at 0x7fefc200000 of 64 bytes failed: Only part of a ReadProcessMemory or WriteProcessMemory request was completed. (0x12B)
[1107/152850.935:WARNING:pe_image_reader.cc(340)] could not read dos header from C:\Windows\system32\WINMM.dll
[1107/152850.936:ERROR:process_memory_win.cc(73)] ReadMemory at 0x7feea7b0000 of 64 bytes failed: Only part of a ReadProcessMemory or WriteProcessMemory request was completed. (0x12B)
[1107/152850.936:WARNING:pe_image_reader.cc(340)] could not read dos header from C:\Windows\system32\UIAutomationCore.DLL
[1107/152850.936:ERROR:process_memory_win.cc(73)] ReadMemory at 0x77df0000 of 64 bytes failed: Only part of a ReadProcessMemory or WriteProcessMemory request was completed. (0x12B)
[1107/152850.936:WARNING:pe_image_reader.cc(340)] could not read dos header from C:\Windows\system32\PSAPI.DLL
[1107/152850.936:ERROR:process_memory_win.cc(73)] ReadMemory at 0x7fef9340000 of 64 bytes failed: Only part of a ReadProcessMemory or WriteProcessMemory request was completed. (0x12B)
[1107/152850.936:WARNING:pe_image_reader.cc(340)] could not read dos header from C:\Windows\system32\OLEACC.dll
[1107/152850.936:ERROR:process_memory_win.cc(73)] ReadMemory at 0x7fefd3d0000 of 64 bytes failed: Only part of a ReadProcessMemory or WriteProcessMemory request was completed. (0x12B)
[1107/152850.936:WARNING:pe_image_reader.cc(340)] could not read dos header from C:\Windows\system32\Secur32.dll
[1107/152850.936:ERROR:process_memory_win.cc(73)] ReadMemory at 0x7fefd5a0000 of 64 bytes failed: Only part of a ReadProcessMemory or WriteProcessMemory request was completed. (0x12B)
[1107/152850.936:WARNING:pe_image_reader.cc(340)] could not read dos header from C:\Windows\system32\SSPICLI.DLL
[1107/152850.936:ERROR:process_memory_win.cc(73)] ReadMemory at 0x7fefd9a0000 of 64 bytes failed: Only part of a ReadProcessMemory or WriteProcessMemory request was completed. (0x12B)
[1107/152850.936:WARNING:pe_image_reader.cc(340)] could not read dos header from C:\Windows\system32\USERENV.dll
[1107/152850.936:ERROR:process_memory_win.cc(73)] ReadMemory at 0x7fefd7a0000 of 64 bytes failed: Only part of a ReadProcessMemory or WriteProcessMemory request was completed. (0x12B)
[1107/152850.936:WARNING:pe_image_reader.cc(340)] could not read dos header from C:\Windows\system32\profapi.dll
[1107/152850.936:ERROR:process_memory_win.cc(73)] ReadMemory at 0x7fefd7c0000 of 64 bytes failed: Only part of a ReadProcessMemory or WriteProcessMemory request was completed. (0x12B)
[1107/152850.936:WARNING:pe_image_reader.cc(340)] could not read dos header from C:\Windows\system32\WINTRUST.dll
[1107/152850.936:ERROR:process_memory_win.cc(73)] ReadMemory at 0x7fefd810000 of 64 bytes failed: Only part of a ReadProcessMemory or WriteProcessMemory request was completed. (0x12B)
[1107/152850.936:WARNING:pe_image_reader.cc(340)] could not read dos header from C:\Windows\system32\CRYPT32.dll
[1107/152850.936:ERROR:process_memory_win.cc(73)] ReadMemory at 0x7fefd790000 of 64 bytes failed: Only part of a ReadProcessMemory or WriteProcessMemory request was completed. (0x12B)
[1107/152850.936:WARNING:pe_image_reader.cc(340)] could not read dos header from C:\Windows\system32\MSASN1.dll
[1107/152850.937:ERROR:process_memory_win.cc(73)] ReadMemory at 0x7feea610000 of 64 bytes failed: Only part of a ReadProcessMemory or WriteProcessMemory request was completed. (0x12B)
[1107/152850.937:WARNING:pe_image_reader.cc(340)] could not read dos header from C:\Windows\system32\DWrite.dll
[1107/152850.937:ERROR:process_memory_win.cc(73)] ReadMemory at 0x7fef93a0000 of 64 bytes failed: Only part of a ReadProcessMemory or WriteProcessMemory request was completed. (0x12B)
[1107/152850.937:WARNING:pe_image_reader.cc(340)] could not read dos header from C:\Windows\system32\WINSPOOL.DRV
[1107/152850.937:ERROR:process_memory_win.cc(73)] ReadMemory at 0x7fef8d10000 of 64 bytes failed: Only part of a ReadProcessMemory or WriteProcessMemory request was completed. (0x12B)
[1107/152850.937:WARNING:pe_image_reader.cc(340)] could not read dos header from C:\Windows\system32\WINHTTP.dll
[1107/152850.937:ERROR:process_memory_win.cc(73)] ReadMemory at 0x7fef8c50000 of 64 bytes failed: Only part of a ReadProcessMemory or WriteProcessMemory request was completed. (0x12B)
[1107/152850.937:WARNING:pe_image_reader.cc(340)] could not read dos header from C:\Windows\system32\webio.dll
[1107/152850.937:ERROR:process_memory_win.cc(73)] ReadMemory at 0x7fefa990000 of 64 bytes failed: Only part of a ReadProcessMemory or WriteProcessMemory request was completed. (0x12B)
[1107/152850.937:WARNING:pe_image_reader.cc(340)] could not read dos header from C:\Windows\system32\dhcpcsvc.DLL
[1107/152850.937:ERROR:process_memory_win.cc(73)] ReadMemory at 0x7fefd630000 of 64 bytes failed: Only part of a ReadProcessMemory or WriteProcessMemory request was completed. (0x12B)
[1107/152850.937:WARNING:pe_image_reader.cc(340)] could not read dos header from C:\Windows\system32\cryptbase.dll
[1107/152850.937:ERROR:process_memory_win.cc(73)] ReadMemory at 0x7fefb8c0000 of 64 bytes failed: Only part of a ReadProcessMemory or WriteProcessMemory request was completed. (0x12B)
[1107/152850.937:WARNING:pe_image_reader.cc(340)] could not read dos header from C:\Windows\system32\uxtheme.dll
[1107/152854.221:ERROR:process_memory_win.cc(73)] ReadMemory at 0x8d4000 of 49152 bytes failed: Only part of a ReadProcessMemory or WriteProcessMemory request was completed. (0x12B)
[1107/152854.222:ERROR:process_memory_win.cc(73)] ReadMemory at 0x391e000 of 8192 bytes failed: Only part of a ReadProcessMemory or WriteProcessMemory request was completed. (0x12B)
[1107/152854.222:ERROR:process_memory_win.cc(73)] ReadMemory at 0x4255000 of 45056 bytes failed: Only part of a ReadProcessMemory or WriteProcessMemory request was completed. (0x12B)
[1107/152854.222:ERROR:process_memory_win.cc(73)] ReadMemory at 0x4a8d000 of 12288 bytes failed: Only part of a ReadProcessMemory or WriteProcessMemory request was completed. (0x12B)
[1107/152854.222:ERROR:process_memory_win.cc(73)] ReadMemory at 0x53ad000 of 12288 bytes failed: Only part of a ReadProcessMemory or WriteProcessMemory request was completed. (0x12B)
[1107/152854.222:ERROR:process_memory_win.cc(73)] ReadMemory at 0x5c67000 of 36864 bytes failed: Only part of a ReadProcessMemory or WriteProcessMemory request was completed. (0x12B)
[1107/152854.222:ERROR:process_memory_win.cc(73)] ReadMemory at 0x647f000 of 4096 bytes failed: Only part of a ReadProcessMemory or WriteProcessMemory request was completed. (0x12B)
[1107/152854.222:ERROR:process_memory_win.cc(73)] ReadMemory at 0x6c8e000 of 8192 bytes failed: Only part of a ReadProcessMemory or WriteProcessMemory request was completed. (0x12B)
[1107/152854.222:ERROR:process_memory_win.cc(73)] ReadMemory at 0x760e000 of 8192 bytes failed: Only part of a ReadProcessMemory or WriteProcessMemory request was completed. (0x12B)
[1107/152854.222:ERROR:process_memory_win.cc(73)] ReadMemory at 0x806d000 of 12288 bytes failed: Only part of a ReadProcessMemory or WriteProcessMemory request was completed. (0x12B)
[1107/152854.222:ERROR:process_memory_win.cc(73)] ReadMemory at 0x968e000 of 8192 bytes failed: Only part of a ReadProcessMemory or WriteProcessMemory request was completed. (0x12B)
[1107/152854.222:ERROR:process_memory_win.cc(73)] ReadMemory at 0xa06e000 of 8192 bytes failed: Only part of a ReadProcessMemory or WriteProcessMemory request was completed. (0x12B)
[1107/152854.222:ERROR:process_memory_win.cc(73)] ReadMemory at 0xa97e000 of 8192 bytes failed: Only part of a ReadProcessMemory or WriteProcessMemory request was completed. (0x12B)
[1107/152854.222:ERROR:process_memory_win.cc(73)] ReadMemory at 0xb32e000 of 8192 bytes failed: Only part of a ReadProcessMemory or WriteProcessMemory request was completed. (0x12B)
[1107/152854.222:ERROR:process_memory_win.cc(73)] ReadMemory at 0xc8ac000 of 16384 bytes failed: Only part of a ReadProcessMemory or WriteProcessMemory request was completed. (0x12B)
[1107/152854.222:ERROR:process_memory_win.cc(73)] ReadMemory at 0x88ae000 of 8192 bytes failed: Only part of a ReadProcessMemory or WriteProcessMemory request was completed. (0x12B)
[1107/152854.222:ERROR:process_memory_win.cc(73)] ReadMemory at 0x1403a of 512 bytes failed: Only part of a ReadProcessMemory or WriteProcessMemory request was completed. (0x12B)
[1107/152854.384:ERROR:process_memory_win.cc(73)] ReadMemory at 0x15444 of 512 bytes failed: Only part of a ReadProcessMemory or WriteProcessMemory request was completed. (0x12B)
[1107/152854.385:ERROR:process_memory_win.cc(73)] ReadMemory at 0x1684f of 512 bytes failed: Only part of a ReadProcessMemory or WriteProcessMemory request was completed. (0x12B)
[1107/152854.414:ERROR:process_memory_win.cc(73)] ReadMemory at 0xa31320 of 17422 bytes failed: Only part of a ReadProcessMemory or WriteProcessMemory request was completed. (0x12B)
[1107/152854.415:ERROR:process_memory_win.cc(73)] ReadMemory at 0xa35740 of 1012 bytes failed: Only part of a ReadProcessMemory or WriteProcessMemory request was completed. (0x12B)
[1107/152854.415:ERROR:process_memory_win.cc(73)] ReadMemory at 0xa35d48 of 3058 bytes failed: Only part of a ReadProcessMemory or WriteProcessMemory request was completed. (0x12B)
[1107/152854.415:ERROR:process_memory_win.cc(73)] ReadMemory at 0xa3693c of 118 bytes failed: Only part of a ReadProcessMemory or WriteProcessMemory request was completed. (0x12B)
[1107/152854.415:ERROR:process_memory_win.cc(73)] ReadMemory at 0xa369b4 of 712 bytes failed: Only part of a ReadProcessMemory or WriteProcessMemory request was completed. (0x12B)
[1107/152854.415:ERROR:process_memory_win.cc(73)] ReadMemory at 0xa36c7e of 118 bytes failed: Only part of a ReadProcessMemory or WriteProcessMemory request was completed. (0x12B)
[1107/152854.415:ERROR:process_memory_win.cc(73)] ReadMemory at 0xa36cf6 of 96 bytes failed: Only part of a ReadProcessMemory or WriteProcessMemory request was completed. (0x12B)
[1107/152854.415:ERROR:process_memory_win.cc(73)] ReadMemory at 0xa36d70 of 58 bytes failed: Only part of a ReadProcessMemory or WriteProcessMemory request was completed. (0x12B)
[1107/152854.415:ERROR:process_memory_win.cc(73)] ReadMemory at 0xa36e00 of 132 bytes failed: Only part of a ReadProcessMemory or WriteProcessMemory request was completed. (0x12B)
[1107/152854.416:ERROR:process_memory_win.cc(73)] ReadMemory at 0xa36ef0 of 132 bytes failed: Only part of a ReadProcessMemory or WriteProcessMemory request was completed. (0x12B)
[1107/152854.416:ERROR:process_memory_win.cc(73)] ReadMemory at 0xa37008 of 126 bytes failed: Only part of a ReadProcessMemory or WriteProcessMemory request was completed. (0x12B)
[1107/152854.416:ERROR:process_memory_win.cc(73)] ReadMemory at 0xa37410 of 64 bytes failed: Only part of a ReadProcessMemory or WriteProcessMemory request was completed. (0x12B)
[1107/152854.437:ERROR:process_memory_win.cc(73)] ReadMemory at 0xa37460 of 132 bytes failed: Only part of a ReadProcessMemory or WriteProcessMemory request was completed. (0x12B)
[1107/152854.626:ERROR:process_memory_win.cc(73)] ReadMemory at 0xa37580 of 68 bytes failed: Only part of a ReadProcessMemory or WriteProcessMemory request was completed. (0x12B)
[1107/152854.626:ERROR:process_memory_win.cc(73)] ReadMemory at 0xa375d0 of 132 bytes failed: Only part of a ReadProcessMemory or WriteProcessMemory request was completed. (0x12B)
[1107/152854.626:ERROR:process_memory_win.cc(73)] ReadMemory at 0xa38720 of 154 bytes failed: Only part of a ReadProcessMemory or WriteProcessMemory request was completed. (0x12B)
[1107/152854.626:ERROR:process_memory_win.cc(73)] ReadMemory at 0xa387d0 of 132 bytes failed: Only part of a ReadProcessMemory or WriteProcessMemory request was completed. (0x12B)
[1107/152854.627:ERROR:process_memory_win.cc(73)] ReadMemory at 0xa38f50 of 60 bytes failed: Only part of a ReadProcessMemory or WriteProcessMemory request was completed. (0x12B)
[1107/152854.627:ERROR:process_memory_win.cc(73)] ReadMemory at 0xa38fa0 of 132 bytes failed: Only part of a ReadProcessMemory or WriteProcessMemory request was completed. (0x12B)
[1107/152854.627:ERROR:process_memory_win.cc(73)] ReadMemory at 0xa39220 of 62 bytes failed: Only part of a ReadProcessMemory or WriteProcessMemory request was completed. (0x12B)
[1107/152854.627:ERROR:process_memory_win.cc(73)] ReadMemory at 0xa39270 of 132 bytes failed: Only part of a ReadProcessMemory or WriteProcessMemory request was completed. (0x12B)
[1107/152854.627:ERROR:process_memory_win.cc(73)] ReadMemory at 0xa74350 of 104 bytes failed: Only part of a ReadProcessMemory or WriteProcessMemory request was completed. (0x12B)
[1107/152854.670:ERROR:process_memory_win.cc(73)] ReadMemory at 0xa743d0 of 132 bytes failed: Only part of a ReadProcessMemory or WriteProcessMemory request was completed. (0x12B)
[1107/152854.670:ERROR:process_memory_win.cc(73)] ReadMemory at 0xa818e0 of 62 bytes failed: Only part of a ReadProcessMemory or WriteProcessMemory request was completed. (0x12B)
[1107/152854.670:ERROR:process_memory_win.cc(73)] ReadMemory at 0xa81930 of 64 bytes failed: Only part of a ReadProcessMemory or WriteProcessMemory request was completed. (0x12B)
[1107/152854.670:ERROR:process_memory_win.cc(73)] ReadMemory at 0xa81980 of 58 bytes failed: Only part of a ReadProcessMemory or WriteProcessMemory request was completed. (0x12B)
[1107/152854.670:ERROR:process_memory_win.cc(73)] ReadMemory at 0xa819d0 of 60 bytes failed: Only part of a ReadProcessMemory or WriteProcessMemory request was completed. (0x12B)
[1107/152854.670:ERROR:process_memory_win.cc(73)] ReadMemory at 0xa81a20 of 58 bytes failed: Only part of a ReadProcessMemory or WriteProcessMemory request was completed. (0x12B)
[1107/152854.670:ERROR:process_memory_win.cc(73)] ReadMemory at 0xa81a70 of 58 bytes failed: Only part of a ReadProcessMemory or WriteProcessMemory request was completed. (0x12B)
[1107/152854.671:ERROR:process_memory_win.cc(73)] ReadMemory at 0xa81ac0 of 58 bytes failed: Only part of a ReadProcessMemory or WriteProcessMemory request was completed. (0x12B)
[1107/152854.671:ERROR:process_memory_win.cc(73)] ReadMemory at 0xa81b10 of 60 bytes failed: Only part of a ReadProcessMemory or WriteProcessMemory request was completed. (0x12B)
[1107/152854.671:ERROR:process_memory_win.cc(73)] ReadMemory at 0xa81b60 of 62 bytes failed: Only part of a ReadProcessMemory or WriteProcessMemory request was completed. (0x12B)
[1107/152854.671:ERROR:process_memory_win.cc(73)] ReadMemory at 0xa81bb0 of 60 bytes failed: Only part of a ReadProcessMemory or WriteProcessMemory request was completed. (0x12B)
[1107/152854.671:ERROR:process_memory_win.cc(73)] ReadMemory at 0xa81f10 of 512 bytes failed: Only part of a ReadProcessMemory or WriteProcessMemory request was completed. (0x12B)
[1107/152854.671:ERROR:process_memory_win.cc(73)] ReadMemory at 0xa85ba0 of 54 bytes failed: Only part of a ReadProcessMemory or WriteProcessMemory request was completed. (0x12B)
[1107/152854.675:ERROR:process_memory_win.cc(73)] ReadMemory at 0xa872e0 of 80 bytes failed: Only part of a ReadProcessMemory or WriteProcessMemory request was completed. (0x12B)
[1107/152854.675:ERROR:process_memory_win.cc(73)] ReadMemory at 0xa8a110 of 132 bytes failed: Only part of a ReadProcessMemory or WriteProcessMemory request was completed. (0x12B)
[1107/152854.675:ERROR:process_memory_win.cc(73)] ReadMemory at 0xa8a200 of 132 bytes failed: Only part of a ReadProcessMemory or WriteProcessMemory request was completed. (0x12B)
[1107/152854.676:ERROR:process_memory_win.cc(73)] ReadMemory at 0xa8a2f0 of 132 bytes failed: Only part of a ReadProcessMemory or WriteProcessMemory request was completed. (0x12B)
[1107/152854.676:ERROR:process_memory_win.cc(73)] ReadMemory at 0xa8a3e0 of 132 bytes failed: Only part of a ReadProcessMemory or WriteProcessMemory request was completed. (0x12B)
[1107/152854.676:ERROR:process_memory_win.cc(73)] ReadMemory at 0xa8a610 of 132 bytes failed: Only part of a ReadProcessMemory or WriteProcessMemory request was completed. (0x12B)
[1107/152854.676:ERROR:process_memory_win.cc(73)] ReadMemory at 0xa8bf90 of 54 bytes failed: Only part of a ReadProcessMemory or WriteProcessMemory request was completed. (0x12B)
[1107/152854.676:ERROR:process_memory_win.cc(73)] ReadMemory at 0xa8fb60 of 146 bytes failed: Only part of a ReadProcessMemory or WriteProcessMemory request was completed. (0x12B)
[1107/152854.676:ERROR:process_memory_win.cc(73)] ReadMemory at 0xa8fc50 of 132 bytes failed: Only part of a ReadProcessMemory or WriteProcessMemory request was completed. (0x12B)
[1107/152854.676:ERROR:process_memory_win.cc(73)] ReadMemory at 0xa92360 of 132 bytes failed: Only part of a ReadProcessMemory or WriteProcessMemory request was completed. (0x12B)
[1107/152854.676:ERROR:process_memory_win.cc(73)] ReadMemory at 0xa92450 of 132 bytes failed: Only part of a ReadProcessMemory or WriteProcessMemory request was completed. (0x12B)
[1107/152854.707:ERROR:process_memory_win.cc(73)] ReadMemory at 0xa92540 of 132 bytes failed: Only part of a ReadProcessMemory or WriteProcessMemory request was completed. (0x12B)
[1107/152854.707:ERROR:process_memory_win.cc(73)] ReadMemory at 0xa92630 of 132 bytes failed: Only part of a ReadProcessMemory or WriteProcessMemory request was completed. (0x12B)
[1107/152854.707:ERROR:process_memory_win.cc(73)] ReadMemory at 0xa92720 of 132 bytes failed: Only part of a ReadProcessMemory or WriteProcessMemory request was completed. (0x12B)
[1107/152854.708:ERROR:process_memory_win.cc(73)] ReadMemory at 0xa92810 of 132 bytes failed: Only part of a ReadProcessMemory or WriteProcessMemory request was completed. (0x12B)
[1107/152854.708:ERROR:process_memory_win.cc(73)] ReadMemory at 0xa92900 of 132 bytes failed: Only part of a ReadProcessMemory or WriteProcessMemory request was completed. (0x12B)
[1107/152854.708:ERROR:process_memory_win.cc(73)] ReadMemory at 0xa929f0 of 132 bytes failed: Only part of a ReadProcessMemory or WriteProcessMemory request was completed. (0x12B)
[1107/152854.708:ERROR:process_memory_win.cc(73)] ReadMemory at 0xa92ae0 of 132 bytes failed: Only part of a ReadProcessMemory or WriteProcessMemory request was completed. (0x12B)
[1107/152854.708:ERROR:process_memory_win.cc(73)] ReadMemory at 0xa92bd0 of 132 bytes failed: Only part of a ReadProcessMemory or WriteProcessMemory request was completed. (0x12B)
[1107/152854.708:ERROR:process_memory_win.cc(73)] ReadMemory at 0xa92cc0 of 132 bytes failed: Only part of a ReadProcessMemory or WriteProcessMemory request was completed. (0x12B)
[1107/152854.708:ERROR:process_memory_win.cc(73)] ReadMemory at 0xa92db0 of 132 bytes failed: Only part of a ReadProcessMemory or WriteProcessMemory request was completed. (0x12B)
[1107/152854.708:ERROR:process_memory_win.cc(73)] ReadMemory at 0xa92ea0 of 132 bytes failed: Only part of a ReadProcessMemory or WriteProcessMemory request was completed. (0x12B)
[1107/152854.708:ERROR:process_memory_win.cc(73)] ReadMemory at 0xa92f90 of 132 bytes failed: Only part of a ReadProcessMemory or WriteProcessMemory request was completed. (0x12B)
[1107/152854.718:ERROR:process_memory_win.cc(73)] ReadMemory at 0xa93080 of 132 bytes failed: Only part of a ReadProcessMemory or WriteProcessMemory request was completed. (0x12B)
[1107/152854.718:ERROR:process_memory_win.cc(73)] ReadMemory at 0xa93170 of 132 bytes failed: Only part of a ReadProcessMemory or WriteProcessMemory request was completed. (0x12B)
[1107/152854.718:ERROR:process_memory_win.cc(73)] ReadMemory at 0xa93260 of 132 bytes failed: Only part of a ReadProcessMemory or WriteProcessMemory request was completed. (0x12B)
[1107/152854.718:ERROR:process_memory_win.cc(73)] ReadMemory at 0xa93350 of 132 bytes failed: Only part of a ReadProcessMemory or WriteProcessMemory request was completed. (0x12B)
[1107/152854.719:ERROR:process_memory_win.cc(73)] ReadMemory at 0xa93440 of 132 bytes failed: Only part of a ReadProcessMemory or WriteProcessMemory request was completed. (0x12B)
[1107/152854.740:ERROR:process_memory_win.cc(73)] ReadMemory at 0xa93530 of 132 bytes failed: Only part of a ReadProcessMemory or WriteProcessMemory request was completed. (0x12B)
[1107/152854.740:ERROR:process_memory_win.cc(73)] ReadMemory at 0xa93620 of 132 bytes failed: Only part of a ReadProcessMemory or WriteProcessMemory request was completed. (0x12B)
[1107/152854.740:ERROR:process_memory_win.cc(73)] ReadMemory at 0xa93710 of 132 bytes failed: Only part of a ReadProcessMemory or WriteProcessMemory request was completed. (0x12B)
[1107/152854.748:ERROR:process_memory_win.cc(73)] ReadMemory at 0xa93800 of 132 bytes failed: Only part of a ReadProcessMemory or WriteProcessMemory request was completed. (0x12B)
[1107/152854.748:ERROR:process_memory_win.cc(73)] ReadMemory at 0xa938f0 of 132 bytes failed: Only part of a ReadProcessMemory or WriteProcessMemory request was completed. (0x12B)
[1107/152854.748:ERROR:process_memory_win.cc(73)] ReadMemory at 0xa939e0 of 132 bytes failed: Only part of a ReadProcessMemory or WriteProcessMemory request was completed. (0x12B)
[1107/152854.748:ERROR:process_memory_win.cc(73)] ReadMemory at 0xa93ad0 of 132 bytes failed: Only part of a ReadProcessMemory or WriteProcessMemory request was completed. (0x12B)
[1107/152854.762:ERROR:process_memory_win.cc(73)] ReadMemory at 0xa93bc0 of 132 bytes failed: Only part of a ReadProcessMemory or WriteProcessMemory request was completed. (0x12B)
[1107/152854.762:ERROR:process_memory_win.cc(73)] ReadMemory at 0xa93da0 of 132 bytes failed: Only part of a ReadProcessMemory or WriteProcessMemory request was completed. (0x12B)
[1107/152854.762:ERROR:process_memory_win.cc(73)] ReadMemory at 0xa93ff0 of 512 bytes failed: Only part of a ReadProcessMemory or WriteProcessMemory request was completed. (0x12B)
[1107/152854.762:ERROR:process_memory_win.cc(73)] ReadMemory at 0xa972f0 of 64 bytes failed: Only part of a ReadProcessMemory or WriteProcessMemory request was completed. (0x12B)
[1107/152854.765:ERROR:process_memory_win.cc(73)] ReadMemory at 0xa97340 of 60 bytes failed: Only part of a ReadProcessMemory or WriteProcessMemory request was completed. (0x12B)
[1107/152854.765:ERROR:process_memory_win.cc(73)] ReadMemory at 0xa97390 of 64 bytes failed: Only part of a ReadProcessMemory or WriteProcessMemory request was completed. (0x12B)
[1107/152854.765:ERROR:process_memory_win.cc(73)] ReadMemory at 0xa973e0 of 58 bytes failed: Only part of a ReadProcessMemory or WriteProcessMemory request was completed. (0x12B)
[1107/152854.765:ERROR:process_memory_win.cc(73)] ReadMemory at 0xa97430 of 58 bytes failed: Only part of a ReadProcessMemory or WriteProcessMemory request was completed. (0x12B)
[1107/152854.765:ERROR:process_memory_win.cc(73)] ReadMemory at 0xa97480 of 58 bytes failed: Only part of a ReadProcessMemory or WriteProcessMemory request was completed. (0x12B)
[1107/152854.765:ERROR:process_memory_win.cc(73)] ReadMemory at 0xa974d0 of 60 bytes failed: Only part of a ReadProcessMemory or WriteProcessMemory request was completed. (0x12B)
[1107/152854.765:ERROR:process_memory_win.cc(73)] ReadMemory at 0xa97520 of 62 bytes failed: Only part of a ReadProcessMemory or WriteProcessMemory request was completed. (0x12B)
[1107/152854.806:ERROR:process_memory_win.cc(73)] ReadMemory at 0xa97570 of 62 bytes failed: Only part of a ReadProcessMemory or WriteProcessMemory request was completed. (0x12B)
[1107/152854.806:ERROR:process_memory_win.cc(73)] ReadMemory at 0xa975c0 of 62 bytes failed: Only part of a ReadProcessMemory or WriteProcessMemory request was completed. (0x12B)
[1107/152854.807:ERROR:process_memory_win.cc(73)] ReadMemory at 0xa97610 of 62 bytes failed: Only part of a ReadProcessMemory or WriteProcessMemory request was completed. (0x12B)
[1107/152854.807:ERROR:process_memory_win.cc(73)] ReadMemory at 0xa97660 of 64 bytes failed: Only part of a ReadProcessMemory or WriteProcessMemory request was completed. (0x12B)
[1107/152854.807:ERROR:process_memory_win.cc(73)] ReadMemory at 0xa976b0 of 62 bytes failed: Only part of a ReadProcessMemory or WriteProcessMemory request was completed. (0x12B)
[1107/152854.832:ERROR:process_memory_win.cc(73)] ReadMemory at 0xa97700 of 60 bytes failed: Only part of a ReadProcessMemory or WriteProcessMemory request was completed. (0x12B)
[1107/152854.832:ERROR:process_memory_win.cc(73)] ReadMemory at 0xa97750 of 60 bytes failed: Only part of a ReadProcessMemory or WriteProcessMemory request was completed. (0x12B)
[1107/152854.832:ERROR:process_memory_win.cc(73)] ReadMemory at 0xa977a0 of 64 bytes failed: Only part of a ReadProcessMemory or WriteProcessMemory request was completed. (0x12B)
[1107/152854.833:ERROR:process_memory_win.cc(73)] ReadMemory at 0xa977f0 of 62 bytes failed: Only part of a ReadProcessMemory or WriteProcessMemory request was completed. (0x12B)
[1107/152854.833:ERROR:process_memory_win.cc(73)] ReadMemory at 0xa97840 of 58 bytes failed: Only part of a ReadProcessMemory or WriteProcessMemory request was completed. (0x12B)
[1107/152854.833:ERROR:process_memory_win.cc(73)] ReadMemory at 0xa97890 of 64 bytes failed: Only part of a ReadProcessMemory or WriteProcessMemory request was completed. (0x12B)
[1107/152854.833:ERROR:process_memory_win.cc(73)] ReadMemory at 0xae2040 of 66 bytes failed: Only part of a ReadProcessMemory or WriteProcessMemory request was completed. (0x12B)
[1107/152854.833:ERROR:process_memory_win.cc(73)] ReadMemory at 0xaf8860 of 512 bytes failed: Only part of a ReadProcessMemory or WriteProcessMemory request was completed. (0x12B)
[1107/152854.833:ERROR:process_memory_win.cc(73)] ReadMemory at 0xafc370 of 512 bytes failed: Only part of a ReadProcessMemory or WriteProcessMemory request was completed. (0x12B)
[1107/152854.833:ERROR:process_memory_win.cc(73)] ReadMemory at 0xb026f0 of 512 bytes failed: Only part of a ReadProcessMemory or WriteProcessMemory request was completed. (0x12B)
[1107/152854.833:ERROR:process_memory_win.cc(73)] ReadMemory at 0xb1ace0 of 592 bytes failed: Only part of a ReadProcessMemory or WriteProcessMemory request was completed. (0x12B)
[1107/152854.833:ERROR:process_memory_win.cc(73)] ReadMemory at 0xb2be20 of 848 bytes failed: Only part of a ReadProcessMemory or WriteProcessMemory request was completed. (0x12B)
[1107/152854.833:ERROR:process_memory_win.cc(73)] ReadMemory at 0xb2f820 of 712 bytes failed: Only part of a ReadProcessMemory or WriteProcessMemory request was completed. (0x12B)
[1107/152854.833:ERROR:process_memory_win.cc(73)] ReadMemory at 0x173cba0 of 512 bytes failed: Only part of a ReadProcessMemory or WriteProcessMemory request was completed. (0x12B)
[1107/152854.834:ERROR:process_memory_win.cc(73)] ReadMemory at 0x173d820 of 512 bytes failed: Only part of a ReadProcessMemory or WriteProcessMemory request was completed. (0x12B)
[1107/152854.834:ERROR:process_memory_win.cc(73)] ReadMemory at 0x17ba7d0 of 512 bytes failed: Only part of a ReadProcessMemory or WriteProcessMemory request was completed. (0x12B)
[1107/152854.834:ERROR:process_memory_win.cc(73)] ReadMemory at 0x17cc250 of 674 bytes failed: Only part of a ReadProcessMemory or WriteProcessMemory request was completed. (0x12B)
[1107/152854.834:ERROR:process_memory_win.cc(73)] ReadMemory at 0x1e2b143 of 512 bytes failed: Only part of a ReadProcessMemory or WriteProcessMemory request was completed. (0x12B)
[1107/152854.894:ERROR:process_memory_win.cc(73)] ReadMemory at 0x77833a0 of 512 bytes failed: Only part of a ReadProcessMemory or WriteProcessMemory request was completed. (0x12B)
[1107/152854.894:ERROR:process_memory_win.cc(73)] ReadMemory at 0x77c47bc8 of 18 bytes failed: Only part of a ReadProcessMemory or WriteProcessMemory request was completed. (0x12B)
[1107/152854.894:ERROR:process_memory_win.cc(73)] ReadMemory at 0x77c4a6c8 of 576 bytes failed: Only part of a ReadProcessMemory or WriteProcessMemory request was completed. (0x12B)
[1107/152854.894:ERROR:process_memory_win.cc(73)] ReadMemory at 0x77c4a928 of 672 bytes failed: Only part of a ReadProcessMemory or WriteProcessMemory request was completed. (0x12B)
[1107/152854.894:ERROR:process_memory_win.cc(73)] ReadMemory at 0x77c53160 of 512 bytes failed: Only part of a ReadProcessMemory or WriteProcessMemory request was completed. (0x12B)
[1107/152854.943:ERROR:process_memory_win.cc(73)] ReadMemory at 0x77c7713e of 512 bytes failed: Only part of a ReadProcessMemory or WriteProcessMemory request was completed. (0x12B)
[1107/152854.943:ERROR:process_memory_win.cc(73)] ReadMemory at 0x77ca976a of 592 bytes failed: Only part of a ReadProcessMemory or WriteProcessMemory request was completed. (0x12B)
[1107/152854.943:ERROR:process_memory_win.cc(73)] ReadMemory at 0x77ca9cda of 512 bytes failed: Only part of a ReadProcessMemory or WriteProcessMemory request was completed. (0x12B)
[1107/152854.943:ERROR:process_memory_win.cc(73)] ReadMemory at 0x77cab01a of 528 bytes failed: Only part of a ReadProcessMemory or WriteProcessMemory request was completed. (0x12B)
[1107/152854.943:ERROR:process_memory_win.cc(73)] ReadMemory at 0x77d39440 of 512 bytes failed: Only part of a ReadProcessMemory or WriteProcessMemory request was completed. (0x12B)
[1107/152854.943:ERROR:process_memory_win.cc(73)] ReadMemory at 0x77d680d8 of 40 bytes failed: Only part of a ReadProcessMemory or WriteProcessMemory request was completed. (0x12B)
[1107/152854.943:ERROR:process_memory_win.cc(73)] ReadMemory at 0x77d72dc0 of 48 bytes failed: Only part of a ReadProcessMemory or WriteProcessMemory request was completed. (0x12B)
[1107/152854.943:ERROR:process_memory_win.cc(73)] ReadMemory at 0x77d72e40 of 64 bytes failed: Only part of a ReadProcessMemory or WriteProcessMemory request was completed. (0x12B)
[1107/152854.943:ERROR:process_memory_win.cc(73)] ReadMemory at 0xb272240090 of 512 bytes failed: Only part of a ReadProcessMemory or WriteProcessMemory request was completed. (0x12B)
[1107/152854.943:ERROR:process_memory_win.cc(73)] ReadMemory at 0x7febcd20000 of 384 bytes failed: Only part of a ReadProcessMemory or WriteProcessMemory request was completed. (0x12B)
[1107/152854.943:ERROR:process_memory_win.cc(73)] ReadMemory at 0x7febeb4b143 of 512 bytes failed: Only part of a ReadProcessMemory or WriteProcessMemory request was completed. (0x12B)
[1107/152854.943:ERROR:process_memory_win.cc(73)] ReadMemory at 0x7febed45b84 of 512 bytes failed: Only part of a ReadProcessMemory or WriteProcessMemory request was completed. (0x12B)
[1107/152854.944:ERROR:process_memory_win.cc(73)] ReadMemory at 0x7fec5a11f80 of 512 bytes failed: Only part of a ReadProcessMemory or WriteProcessMemory request was completed. (0x12B)
[1107/152854.944:ERROR:process_memory_win.cc(73)] ReadMemory at 0x7fec5b20940 of 512 bytes failed: Only part of a ReadProcessMemory or WriteProcessMemory request was completed. (0x12B)
[1107/152854.944:ERROR:process_memory_win.cc(73)] ReadMemory at 0x7fec5f85810 of 512 bytes failed: Only part of a ReadProcessMemory or WriteProcessMemory request was completed. (0x12B)
[1107/152854.944:ERROR:process_memory_win.cc(73)] ReadMemory at 0x7fec5f85ed7 of 512 bytes failed: Only part of a ReadProcessMemory or WriteProcessMemory request was completed. (0x12B)
[1107/152854.944:ERROR:process_memory_win.cc(73)] ReadMemory at 0x7fffff9c000 of 6024 bytes failed: Only part of a ReadProcessMemory or WriteProcessMemory request was completed. (0x12B)
[1107/152854.944:ERROR:process_memory_win.cc(73)] ReadMemory at 0x7fffff9e000 of 6024 bytes failed: Only part of a ReadProcessMemory or WriteProcessMemory request was completed. (0x12B)
[1107/152854.944:ERROR:process_memory_win.cc(73)] ReadMemory at 0x7fffffa0000 of 6024 bytes failed: Only part of a ReadProcessMemory or WriteProcessMemory request was completed. (0x12B)
[1107/152854.944:ERROR:process_memory_win.cc(73)] ReadMemory at 0x7fffffa2000 of 6024 bytes failed: Only part of a ReadProcessMemory or WriteProcessMemory request was completed. (0x12B)
[1107/152854.945:ERROR:process_memory_win.cc(73)] ReadMemory at 0x7fffffa4000 of 6024 bytes failed: Only part of a ReadProcessMemory or WriteProcessMemory request was completed. (0x12B)
[1107/152854.945:ERROR:process_memory_win.cc(73)] ReadMemory at 0x7fffffa6000 of 6024 bytes failed: Only part of a ReadProcessMemory or WriteProcessMemory request was completed. (0x12B)
[1107/152854.945:ERROR:process_memory_win.cc(73)] ReadMemory at 0x7fffffa8000 of 6024 bytes failed: Only part of a ReadProcessMemory or WriteProcessMemory request was completed. (0x12B)
[1107/152854.945:ERROR:process_memory_win.cc(73)] ReadMemory at 0x7fffffaa000 of 6024 bytes failed: Only part of a ReadProcessMemory or WriteProcessMemory request was completed. (0x12B)
[1107/152854.945:ERROR:process_memory_win.cc(73)] ReadMemory at 0x7fffffac000 of 6024 bytes failed: Only part of a ReadProcessMemory or WriteProcessMemory request was completed. (0x12B)
[1107/152854.945:ERROR:process_memory_win.cc(73)] ReadMemory at 0x7fffffae000 of 6024 bytes failed: Only part of a ReadProcessMemory or WriteProcessMemory request was completed. (0x12B)
[1107/152854.945:ERROR:process_memory_win.cc(73)] ReadMemory at 0x7fffffd3000 of 6024 bytes failed: Only part of a ReadProcessMemory or WriteProcessMemory request was completed. (0x12B)
[1107/152854.945:ERROR:process_memory_win.cc(73)] ReadMemory at 0x7fffffd5000 of 6024 bytes failed: Only part of a ReadProcessMemory or WriteProcessMemory request was completed. (0x12B)
[1107/152854.945:ERROR:process_memory_win.cc(73)] ReadMemory at 0x7fffffd7000 of 6024 bytes failed: Only part of a ReadProcessMemory or WriteProcessMemory request was completed. (0x12B)
[1107/152854.946:ERROR:process_memory_win.cc(73)] ReadMemory at 0x7fffffd9000 of 6024 bytes failed: Only part of a ReadProcessMemory or WriteProcessMemory request was completed. (0x12B)
[1107/152854.946:ERROR:process_memory_win.cc(73)] ReadMemory at 0x7fffffdb000 of 6024 bytes failed: Only part of a ReadProcessMemory or WriteProcessMemory request was completed. (0x12B)
[1107/152854.946:ERROR:process_memory_win.cc(73)] ReadMemory at 0x7fffffdd000 of 6024 bytes failed: Only part of a ReadProcessMemory or WriteProcessMemory request was completed. (0x12B)
[1107/152854.946:ERROR:process_memory_win.cc(73)] ReadMemory at 0x7fffffdf000 of 852 bytes failed: Only part of a ReadProcessMemory or WriteProcessMemory request was completed. (0x12B)
[1107/152903.991:ERROR:scoped_process_suspend.cc(40)] NtResumeProcess: An attempt was made to access an exiting process. (0xc000010a)
[1107/155227.860:ERROR:directory_reader_win.cc(43)] FindFirstFile: The system cannot find the path specified. (0x3)
[1107/160048.038:ERROR:filesystem_win.cc(129)] GetFileAttributes C:\Users\Sterling\AppData\Local\Google\Chrome\User Data\Crashpad\attachments\930ab898-b46d-4bb5-b381-ebfb5f5796bb: The system cannot find the path specified. (0x3)
[1107/160737.539:ERROR:process_reader_win.cc(151)] SuspendThread: Access is denied. (0x5)
[1107/160747.731:ERROR:exception_snapshot_win.cc(99)] thread ID 9536 not found in process
[1107/160747.810:ERROR:scoped_process_suspend.cc(40)] NtResumeProcess: An attempt was made to access an exiting process. (0xc000010a)
[1107/160906.636:ERROR:directory_reader_win.cc(43)] FindFirstFile: The system cannot find the path specified. (0x3)
[1107/163638.627:ERROR:directory_reader_win.cc(43)] FindFirstFile: The system cannot find the path specified. (0x3)
[1107/191159.527:ERROR:filesystem_win.cc(129)] GetFileAttributes C:\Users\Sterling\AppData\Local\Google\Chrome\User Data\Crashpad\attachments\6dbc717f-eb06-4c6f-b81a-75696b71f3c8: The system cannot find the path specified. (0x3)
[1107/194928.187:ERROR:directory_reader_win.cc(43)] FindFirstFile: The system cannot find the path specified. (0x3)
[1108/194928.202:ERROR:directory_reader_win.cc(43)] FindFirstFile: The system cannot find the path specified. (0x3)
[1109/194928.489:ERROR:directory_reader_win.cc(43)] FindFirstFile: The system cannot find the path specified. (0x3)
[1114/192440.348:ERROR:directory_reader_win.cc(43)] FindFirstFile: The system cannot find the path specified. (0x3)
[1114/200927.298:ERROR:directory_reader_win.cc(43)] FindFirstFile: The system cannot find the path specified. (0x3)
[1114/202314.017:ERROR:directory_reader_win.cc(43)] FindFirstFile: The system cannot find the path specified. (0x3)
[1115/214440.507:ERROR:directory_reader_win.cc(43)] FindFirstFile: The system cannot find the path specified. (0x3)
[1116/214440.553:ERROR:directory_reader_win.cc(43)] FindFirstFile: The system cannot find the path specified. (0x3)
[1117/214440.889:ERROR:directory_reader_win.cc(43)] FindFirstFile: The system cannot find the path specified. (0x3)
[1118/214441.064:ERROR:directory_reader_win.cc(43)] FindFirstFile: The system cannot find the path specified. (0x3)
[1119/214441.823:ERROR:directory_reader_win.cc(43)] FindFirstFile: The system cannot find the path specified. (0x3)
[1120/214442.863:ERROR:directory_reader_win.cc(43)] FindFirstFile: The system cannot find the path specified. (0x3)
[1120/214443.085:ERROR:filesystem_win.cc(129)] GetFileAttributes C:\Users\Sterling\AppData\Local\Google\Chrome\User Data\Crashpad\attachments\930ab898-b46d-4bb5-b381-ebfb5f5796bb: The system cannot find the path specified. (0x3)
[1120/214443.088:ERROR:filesystem_win.cc(129)] GetFileAttributes C:\Users\Sterling\AppData\Local\Google\Chrome\User Data\Crashpad\attachments\c688d27d-5b93-4eae-870c-e2205dab1dac: The system cannot find the path specified. (0x3)
[1120/214443.090:ERROR:filesystem_win.cc(129)] GetFileAttributes C:\Users\Sterling\AppData\Local\Google\Chrome\User Data\Crashpad\attachments\53d5555f-ea69-4a6e-8a1c-a17b2207655f: The system cannot find the path specified. (0x3)
[1120/214443.135:ERROR:filesystem_win.cc(129)] GetFileAttributes C:\Users\Sterling\AppData\Local\Google\Chrome\User Data\Crashpad\attachments\dfcd806b-bb9a-483e-8d02-d53b8fbe8f82: The system cannot find the path specified. (0x3)
[1120/214443.138:ERROR:filesystem_win.cc(129)] GetFileAttributes C:\Users\Sterling\AppData\Local\Google\Chrome\User Data\Crashpad\attachments\064bdc53-3652-43c9-859e-a597231e1090: The system cannot find the path specified. (0x3)
[1120/214443.179:ERROR:filesystem_win.cc(129)] GetFileAttributes C:\Users\Sterling\AppData\Local\Google\Chrome\User Data\Crashpad\attachments\3a88f101-bc27-4550-a480-e28e4e551344: The system cannot find the path specified. (0x3)
[1120/214443.181:ERROR:filesystem_win.cc(129)] GetFileAttributes C:\Users\Sterling\AppData\Local\Google\Chrome\User Data\Crashpad\attachments\b4677dad-eed3-4f96-aa81-df896f7e82c7: The system cannot find the path specified. (0x3)
[1120/214443.184:ERROR:filesystem_win.cc(129)] GetFileAttributes C:\Users\Sterling\AppData\Local\Google\Chrome\User Data\Crashpad\attachments\ec00bd2c-10a8-458f-9183-5cb907f7b07e: The system cannot find the path specified. (0x3)
[1120/214443.186:ERROR:filesystem_win.cc(129)] GetFileAttributes C:\Users\Sterling\AppData\Local\Google\Chrome\User Data\Crashpad\attachments\9a01879d-0d98-41aa-80bc-0987c68dea6e: The system cannot find the path specified. (0x3)
[1120/214443.227:ERROR:filesystem_win.cc(129)] GetFileAttributes C:\Users\Sterling\AppData\Local\Google\Chrome\User Data\Crashpad\attachments\c202a84a-c0e9-4b7f-8647-e40c2feb8890: The system cannot find the path specified. (0x3)
[1120/214443.228:ERROR:filesystem_win.cc(129)] GetFileAttributes C:\Users\Sterling\AppData\Local\Google\Chrome\User Data\Crashpad\attachments\b42eefd8-97ef-4b34-8f2a-26ea7fddad90: The system cannot find the path specified. (0x3)
[1120/214443.272:ERROR:filesystem_win.cc(129)] GetFileAttributes C:\Users\Sterling\AppData\Local\Google\Chrome\User Data\Crashpad\attachments\b2baf3a8-5b88-48cb-a8c8-194e76145d1e: The system cannot find the path specified. (0x3)
[1120/214443.274:ERROR:filesystem_win.cc(129)] GetFileAttributes C:\Users\Sterling\AppData\Local\Google\Chrome\User Data\Crashpad\attachments\066cffa1-5cf8-459f-b950-0faa03b897b5: The system cannot find the path specified. (0x3)
[1120/214443.319:ERROR:filesystem_win.cc(129)] GetFileAttributes C:\Users\Sterling\AppData\Local\Google\Chrome\User Data\Crashpad\attachments\07d0cedf-0565-4302-8f2a-1deccc4c9ec1: The system cannot find the path specified. (0x3)
[1120/214443.321:ERROR:filesystem_win.cc(129)] GetFileAttributes C:\Users\Sterling\AppData\Local\Google\Chrome\User Data\Crashpad\attachments\6fe59357-435f-4bac-8e74-af692ca0a7cd: The system cannot find the path specified. (0x3)
[1121/214443.426:ERROR:directory_reader_win.cc(43)] FindFirstFile: The system cannot find the path specified. (0x3)
[1121/214443.464:ERROR:filesystem_win.cc(129)] GetFileAttributes C:\Users\Sterling\AppData\Local\Google\Chrome\User Data\Crashpad\attachments\326b45a9-b619-4983-96a7-2fe2fdc39f0a: The system cannot find the path specified. (0x3)
[1121/214443.467:ERROR:filesystem_win.cc(129)] GetFileAttributes C:\Users\Sterling\AppData\Local\Google\Chrome\User Data\Crashpad\attachments\6dbc717f-eb06-4c6f-b81a-75696b71f3c8: The system cannot find the path specified. (0x3)
[1121/214443.468:ERROR:filesystem_win.cc(129)] GetFileAttributes C:\Users\Sterling\AppData\Local\Google\Chrome\User Data\Crashpad\attachments\1e19a188-1ee6-4824-96a0-82223c4217c9: The system cannot find the path specified. (0x3)
[1205/211540.543:ERROR:directory_reader_win.cc(43)] FindFirstFile: The system cannot find the path specified. (0x3)
[1207/213006.838:ERROR:directory_reader_win.cc(43)] FindFirstFile: The system cannot find the path specified. (0x3)
[1208/213006.865:ERROR:directory_reader_win.cc(43)] FindFirstFile: The system cannot find the path specified. (0x3)
[1209/213006.867:ERROR:directory_reader_win.cc(43)] FindFirstFile: The system cannot find the path specified. (0x3)
[1210/213006.869:ERROR:directory_reader_win.cc(43)] FindFirstFile: The system cannot find the path specified. (0x3)
[1211/213006.870:ERROR:directory_reader_win.cc(43)] FindFirstFile: The system cannot find the path specified. (0x3)
[1212/213006.872:ERROR:directory_reader_win.cc(43)] FindFirstFile: The system cannot find the path specified. (0x3)
[1213/213006.893:ERROR:directory_reader_win.cc(43)] FindFirstFile: The system cannot find the path specified. (0x3)
[1214/213006.895:ERROR:directory_reader_win.cc(43)] FindFirstFile: The system cannot find the path specified. (0x3)
[1215/213006.896:ERROR:directory_reader_win.cc(43)] FindFirstFile: The system cannot find the path specified. (0x3)
[1216/213006.898:ERROR:directory_reader_win.cc(43)] FindFirstFile: The system cannot find the path specified. (0x3)
[1217/213006.900:ERROR:directory_reader_win.cc(43)] FindFirstFile: The system cannot find the path specified. (0x3)
[1217/220602.547:ERROR:directory_reader_win.cc(43)] FindFirstFile: The system cannot find the path specified. (0x3)
[1218/220602.657:ERROR:directory_reader_win.cc(43)] FindFirstFile: The system cannot find the path specified. (0x3)
[1219/220602.752:ERROR:directory_reader_win.cc(43)] FindFirstFile: The system cannot find the path specified. (0x3)
[1220/220602.792:ERROR:directory_reader_win.cc(43)] FindFirstFile: The system cannot find the path specified. (0x3)
[1221/220602.894:ERROR:directory_reader_win.cc(43)] FindFirstFile: The system cannot find the path specified. (0x3)
[1222/220603.053:ERROR:directory_reader_win.cc(43)] FindFirstFile: The system cannot find the path specified. (0x3)
[1223/220603.107:ERROR:directory_reader_win.cc(43)] FindFirstFile: The system cannot find the path specified. (0x3)
[1224/220605.236:ERROR:directory_reader_win.cc(43)] FindFirstFile: The system cannot find the path specified. (0x3)
[1225/220606.648:ERROR:directory_reader_win.cc(43)] FindFirstFile: The system cannot find the path specified. (0x3)
[1226/220606.759:ERROR:directory_reader_win.cc(43)] FindFirstFile: The system cannot find the path specified. (0x3)
[1227/220606.787:ERROR:directory_reader_win.cc(43)] FindFirstFile: The system cannot find the path specified. (0x3)
[1229/200352.390:ERROR:directory_reader_win.cc(43)] FindFirstFile: The system cannot find the path specified. (0x3)
[1230/200357.118:ERROR:directory_reader_win.cc(43)] FindFirstFile: The system cannot find the path specified. (0x3)
